<?xml version="1.0" encoding="UTF-8"?>
<!-- Generated by org.testng.reporters.JUnitXMLReporter -->
<testsuite ignored="0" hostname="LAPTOP-OB53OND9" failures="0" tests="12" name="LambdaTest" time="6.672" errors="0" timestamp="2024-07-08T21:30:29 IST">
  <testcase classname="Testscripts.TestScenario2" name="@BeforeMethod setup" time="6.246">
    <failure type="org.openqa.selenium.SessionNotCreatedException" message="Could not start a new session. Response code 500. Message: All minutes for this organization has been exhausted 
Host info: host: &amp;apos;LAPTOP-OB53OND9&amp;apos;, ip: &amp;apos;192.168.31.17&amp;apos;
Build info: version: &amp;apos;4.21.0&amp;apos;, revision: &amp;apos;79ed462ef4&amp;apos;
System info: os.name: &amp;apos;Windows 11&amp;apos;, os.arch: &amp;apos;amd64&amp;apos;, os.version: &amp;apos;10.0&amp;apos;, java.version: &amp;apos;17.0.8&amp;apos;
Driver info: org.openqa.selenium.remote.RemoteWebDriver
Command: [null, newSession {capabilities=[Capabilities {LT:Options: {accessKey: zFIu4BsyNhae86CqBemODKxknNp..., network: true, project: Untitled, username: soorajkarkala99, video: true, visual: true, w3c: true}, browserName: MicrosoftEdge, browserVersion: 87.0, ms:edgeOptions: {args: [], extensions: []}, platformName: macOS Sierra}]}]
Capabilities {LT:Options: {accessKey: zFIu4BsyNhae86CqBemODKxknNp..., network: true, project: Untitled, username: soorajkarkala99, video: true, visual: true, w3c: true}, browserName: MicrosoftEdge, browserVersion: 87.0, ms:edgeOptions: {args: [], extensions: []}, platformName: macOS Sierra}">
      <![CDATA[org.openqa.selenium.SessionNotCreatedException: Could not start a new session. Response code 500. Message: All minutes for this organization has been exhausted 
Host info: host: 'LAPTOP-OB53OND9', ip: '192.168.31.17'
Build info: version: '4.21.0', revision: '79ed462ef4'
System info: os.name: 'Windows 11', os.arch: 'amd64', os.version: '10.0', java.version: '17.0.8'
Driver info: org.openqa.selenium.remote.RemoteWebDriver
Command: [null, newSession {capabilities=[Capabilities {LT:Options: {accessKey: zFIu4BsyNhae86CqBemODKxknNp..., network: true, project: Untitled, username: soorajkarkala99, video: true, visual: true, w3c: true}, browserName: MicrosoftEdge, browserVersion: 87.0, ms:edgeOptions: {args: [], extensions: []}, platformName: macOS Sierra}]}]
Capabilities {LT:Options: {accessKey: zFIu4BsyNhae86CqBemODKxknNp..., network: true, project: Untitled, username: soorajkarkala99, video: true, visual: true, w3c: true}, browserName: MicrosoftEdge, browserVersion: 87.0, ms:edgeOptions: {args: [], extensions: []}, platformName: macOS Sierra}
at org.openqa.selenium.remote.ProtocolHandshake.createSession(ProtocolHandshake.java:114)
at org.openqa.selenium.remote.ProtocolHandshake.createSession(ProtocolHandshake.java:75)
at org.openqa.selenium.remote.ProtocolHandshake.createSession(ProtocolHandshake.java:61)
at org.openqa.selenium.remote.HttpCommandExecutor.execute(HttpCommandExecutor.java:162)
at org.openqa.selenium.remote.TracedCommandExecutor.execute(TracedCommandExecutor.java:51)
at org.openqa.selenium.remote.RemoteWebDriver.execute(RemoteWebDriver.java:518)
at org.openqa.selenium.remote.RemoteWebDriver.startSession(RemoteWebDriver.java:232)
at org.openqa.selenium.remote.RemoteWebDriver.<init>(RemoteWebDriver.java:161)
at org.openqa.selenium.remote.RemoteWebDriver.<init>(RemoteWebDriver.java:141)
at Testscripts.TestScenario2.setup(TestScenario2.java:65)
at java.base/java.util.concurrent.Executors$RunnableAdapter.call(Executors.java:539)
at java.base/java.util.concurrent.FutureTask.run(FutureTask.java:264)
at java.base/java.util.concurrent.ThreadPoolExecutor.runWorker(ThreadPoolExecutor.java:1136)
at java.base/java.util.concurrent.ThreadPoolExecutor$Worker.run(ThreadPoolExecutor.java:635)
at java.base/java.lang.Thread.run(Thread.java:833)
... Removed 17 stack frames]]>
    </failure>
  </testcase> <!-- @BeforeMethod setup -->
  <testcase classname="Testscripts.TestScenario2" name="@AfterMethod tearDown" time="0.0">
    <skipped/>
  </testcase> <!-- @AfterMethod tearDown -->
  <testcase classname="Testscripts.TestScenario2" name="@BeforeMethod setup" time="0.0">
    <skipped/>
  </testcase> <!-- @BeforeMethod setup -->
  <testcase classname="Testscripts.TestScenario2" name="@AfterMethod tearDown" time="0.0">
    <skipped/>
  </testcase> <!-- @AfterMethod tearDown -->
  <testcase classname="Testscripts.TestScenario2" name="@BeforeMethod setup" time="0.0">
    <skipped/>
  </testcase> <!-- @BeforeMethod setup -->
  <testcase classname="Testscripts.TestScenario2" name="@AfterMethod tearDown" time="0.0">
    <skipped/>
  </testcase> <!-- @AfterMethod tearDown -->
  <testcase classname="Testscripts.TestScenario2" name="@BeforeMethod setup" time="0.0">
    <skipped/>
  </testcase> <!-- @BeforeMethod setup -->
  <testcase classname="Testscripts.TestScenario2" name="@AfterMethod tearDown" time="0.0">
    <skipped/>
  </testcase> <!-- @AfterMethod tearDown -->
  <testcase classname="Testscripts.TestScenario1" name="@BeforeMethod setup" time="6.313">
    <failure type="org.openqa.selenium.SessionNotCreatedException" message="Could not start a new session. Response code 500. Message: All minutes for this organization has been exhausted 
Host info: host: &amp;apos;LAPTOP-OB53OND9&amp;apos;, ip: &amp;apos;192.168.31.17&amp;apos;
Build info: version: &amp;apos;4.21.0&amp;apos;, revision: &amp;apos;79ed462ef4&amp;apos;
System info: os.name: &amp;apos;Windows 11&amp;apos;, os.arch: &amp;apos;amd64&amp;apos;, os.version: &amp;apos;10.0&amp;apos;, java.version: &amp;apos;17.0.8&amp;apos;
Driver info: org.openqa.selenium.remote.RemoteWebDriver
Command: [null, newSession {capabilities=[Capabilities {LT:Options: {accessKey: zFIu4BsyNhae86CqBemODKxknNp..., network: true, project: Untitled, username: soorajkarkala99, video: true, visual: true, w3c: true}, browserName: internet explorer, browserVersion: 11.0, platformName: Windows 10, se:ieOptions: {}}]}]
Capabilities {LT:Options: {accessKey: zFIu4BsyNhae86CqBemODKxknNp..., network: true, project: Untitled, username: soorajkarkala99, video: true, visual: true, w3c: true}, browserName: internet explorer, browserVersion: 11.0, platformName: Windows 10, se:ieOptions: {}}">
      <![CDATA[org.openqa.selenium.SessionNotCreatedException: Could not start a new session. Response code 500. Message: All minutes for this organization has been exhausted 
Host info: host: 'LAPTOP-OB53OND9', ip: '192.168.31.17'
Build info: version: '4.21.0', revision: '79ed462ef4'
System info: os.name: 'Windows 11', os.arch: 'amd64', os.version: '10.0', java.version: '17.0.8'
Driver info: org.openqa.selenium.remote.RemoteWebDriver
Command: [null, newSession {capabilities=[Capabilities {LT:Options: {accessKey: zFIu4BsyNhae86CqBemODKxknNp..., network: true, project: Untitled, username: soorajkarkala99, video: true, visual: true, w3c: true}, browserName: internet explorer, browserVersion: 11.0, platformName: Windows 10, se:ieOptions: {}}]}]
Capabilities {LT:Options: {accessKey: zFIu4BsyNhae86CqBemODKxknNp..., network: true, project: Untitled, username: soorajkarkala99, video: true, visual: true, w3c: true}, browserName: internet explorer, browserVersion: 11.0, platformName: Windows 10, se:ieOptions: {}}
at org.openqa.selenium.remote.ProtocolHandshake.createSession(ProtocolHandshake.java:114)
at org.openqa.selenium.remote.ProtocolHandshake.createSession(ProtocolHandshake.java:75)
at org.openqa.selenium.remote.ProtocolHandshake.createSession(ProtocolHandshake.java:61)
at org.openqa.selenium.remote.HttpCommandExecutor.execute(HttpCommandExecutor.java:162)
at org.openqa.selenium.remote.TracedCommandExecutor.execute(TracedCommandExecutor.java:51)
at org.openqa.selenium.remote.RemoteWebDriver.execute(RemoteWebDriver.java:518)
at org.openqa.selenium.remote.RemoteWebDriver.startSession(RemoteWebDriver.java:232)
at org.openqa.selenium.remote.RemoteWebDriver.<init>(RemoteWebDriver.java:161)
at org.openqa.selenium.remote.RemoteWebDriver.<init>(RemoteWebDriver.java:141)
at Testscripts.TestScenario1.setup(TestScenario1.java:80)
at java.base/java.util.concurrent.Executors$RunnableAdapter.call(Executors.java:539)
at java.base/java.util.concurrent.FutureTask.run(FutureTask.java:264)
at java.base/java.util.concurrent.ThreadPoolExecutor.runWorker(ThreadPoolExecutor.java:1136)
at java.base/java.util.concurrent.ThreadPoolExecutor$Worker.run(ThreadPoolExecutor.java:635)
at java.base/java.lang.Thread.run(Thread.java:833)
... Removed 17 stack frames]]>
    </failure>
  </testcase> <!-- @BeforeMethod setup -->
  <testcase classname="Testscripts.TestScenario1" name="@AfterMethod tearDown" time="0.0">
    <skipped/>
  </testcase> <!-- @AfterMethod tearDown -->
  <testcase classname="Testscripts.TestScenario1" name="@BeforeMethod setup" time="0.0">
    <skipped/>
  </testcase> <!-- @BeforeMethod setup -->
  <testcase classname="Testscripts.TestScenario1" name="@AfterMethod tearDown" time="0.0">
    <skipped/>
  </testcase> <!-- @AfterMethod tearDown -->
  <testcase classname="Testscripts.TestScenario1" name="@BeforeMethod setup" time="0.0">
    <skipped/>
  </testcase> <!-- @BeforeMethod setup -->
  <testcase classname="Testscripts.TestScenario1" name="@AfterMethod tearDown" time="0.0">
    <skipped/>
  </testcase> <!-- @AfterMethod tearDown -->
  <testcase classname="Testscripts.TestScenario1" name="@BeforeMethod setup" time="0.0">
    <skipped/>
  </testcase> <!-- @BeforeMethod setup -->
  <testcase classname="Testscripts.TestScenario1" name="@AfterMethod tearDown" time="0.0">
    <skipped/>
  </testcase> <!-- @AfterMethod tearDown -->
  <testcase classname="Testscripts.testScenario3" name="@BeforeMethod setup" time="6.615">
    <failure type="org.openqa.selenium.SessionNotCreatedException" message="Could not start a new session. Response code 500. Message: All minutes for this organization has been exhausted 
Host info: host: &amp;apos;LAPTOP-OB53OND9&amp;apos;, ip: &amp;apos;192.168.31.17&amp;apos;
Build info: version: &amp;apos;4.21.0&amp;apos;, revision: &amp;apos;79ed462ef4&amp;apos;
System info: os.name: &amp;apos;Windows 11&amp;apos;, os.arch: &amp;apos;amd64&amp;apos;, os.version: &amp;apos;10.0&amp;apos;, java.version: &amp;apos;17.0.8&amp;apos;
Driver info: org.openqa.selenium.remote.RemoteWebDriver
Command: [null, newSession {capabilities=[Capabilities {LT:Options: {accessKey: zFIu4BsyNhae86CqBemODKxknNp..., network: true, project: Untitled, username: soorajkarkala99, video: true, visual: true, w3c: true}, acceptInsecureCerts: true, browserName: firefox, browserVersion: 82.0, moz:debuggerAddress: true, moz:firefoxOptions: {}, platformName: Windows 7}]}]
Capabilities {LT:Options: {accessKey: zFIu4BsyNhae86CqBemODKxknNp..., network: true, project: Untitled, username: soorajkarkala99, video: true, visual: true, w3c: true}, acceptInsecureCerts: true, browserName: firefox, browserVersion: 82.0, moz:debuggerAddress: true, moz:firefoxOptions: {}, platformName: Windows 7}">
      <![CDATA[org.openqa.selenium.SessionNotCreatedException: Could not start a new session. Response code 500. Message: All minutes for this organization has been exhausted 
Host info: host: 'LAPTOP-OB53OND9', ip: '192.168.31.17'
Build info: version: '4.21.0', revision: '79ed462ef4'
System info: os.name: 'Windows 11', os.arch: 'amd64', os.version: '10.0', java.version: '17.0.8'
Driver info: org.openqa.selenium.remote.RemoteWebDriver
Command: [null, newSession {capabilities=[Capabilities {LT:Options: {accessKey: zFIu4BsyNhae86CqBemODKxknNp..., network: true, project: Untitled, username: soorajkarkala99, video: true, visual: true, w3c: true}, acceptInsecureCerts: true, browserName: firefox, browserVersion: 82.0, moz:debuggerAddress: true, moz:firefoxOptions: {}, platformName: Windows 7}]}]
Capabilities {LT:Options: {accessKey: zFIu4BsyNhae86CqBemODKxknNp..., network: true, project: Untitled, username: soorajkarkala99, video: true, visual: true, w3c: true}, acceptInsecureCerts: true, browserName: firefox, browserVersion: 82.0, moz:debuggerAddress: true, moz:firefoxOptions: {}, platformName: Windows 7}
at org.openqa.selenium.remote.ProtocolHandshake.createSession(ProtocolHandshake.java:114)
at org.openqa.selenium.remote.ProtocolHandshake.createSession(ProtocolHandshake.java:75)
at org.openqa.selenium.remote.ProtocolHandshake.createSession(ProtocolHandshake.java:61)
at org.openqa.selenium.remote.HttpCommandExecutor.execute(HttpCommandExecutor.java:162)
at org.openqa.selenium.remote.TracedCommandExecutor.execute(TracedCommandExecutor.java:51)
at org.openqa.selenium.remote.RemoteWebDriver.execute(RemoteWebDriver.java:518)
at org.openqa.selenium.remote.RemoteWebDriver.startSession(RemoteWebDriver.java:232)
at org.openqa.selenium.remote.RemoteWebDriver.<init>(RemoteWebDriver.java:161)
at org.openqa.selenium.remote.RemoteWebDriver.<init>(RemoteWebDriver.java:141)
at Testscripts.testScenario3.setup(testScenario3.java:75)
at java.base/java.util.concurrent.Executors$RunnableAdapter.call(Executors.java:539)
at java.base/java.util.concurrent.FutureTask.run(FutureTask.java:264)
at java.base/java.util.concurrent.ThreadPoolExecutor.runWorker(ThreadPoolExecutor.java:1136)
at java.base/java.util.concurrent.ThreadPoolExecutor$Worker.run(ThreadPoolExecutor.java:635)
at java.base/java.lang.Thread.run(Thread.java:833)
... Removed 17 stack frames]]>
    </failure>
  </testcase> <!-- @BeforeMethod setup -->
  <testcase classname="Testscripts.testScenario3" name="@AfterMethod tearDown" time="0.0">
    <skipped/>
  </testcase> <!-- @AfterMethod tearDown -->
  <testcase classname="Testscripts.testScenario3" name="@BeforeMethod setup" time="0.0">
    <skipped/>
  </testcase> <!-- @BeforeMethod setup -->
  <testcase classname="Testscripts.testScenario3" name="@AfterMethod tearDown" time="0.0">
    <skipped/>
  </testcase> <!-- @AfterMethod tearDown -->
  <testcase classname="Testscripts.testScenario3" name="@BeforeMethod setup" time="0.0">
    <skipped/>
  </testcase> <!-- @BeforeMethod setup -->
  <testcase classname="Testscripts.testScenario3" name="@AfterMethod tearDown" time="0.0">
    <skipped/>
  </testcase> <!-- @AfterMethod tearDown -->
  <testcase classname="Testscripts.testScenario3" name="@BeforeMethod setup" time="0.0">
    <skipped/>
  </testcase> <!-- @BeforeMethod setup -->
  <testcase classname="Testscripts.testScenario3" name="@AfterMethod tearDown" time="0.0">
    <skipped/>
  </testcase> <!-- @AfterMethod tearDown -->
  <testcase classname="Testscripts.TestScenario2" name="initializeTestScenario" time="0.0">
    <skipped/>
  </testcase> <!-- initializeTestScenario -->
  <testcase classname="Testscripts.TestScenario2" name="initializeTestScenario" time="0.0">
    <skipped/>
  </testcase> <!-- initializeTestScenario -->
  <testcase classname="Testscripts.TestScenario2" name="initializeTestScenario" time="0.0">
    <skipped/>
  </testcase> <!-- initializeTestScenario -->
  <testcase classname="Testscripts.TestScenario2" name="initializeTestScenario" time="0.0">
    <skipped/>
  </testcase> <!-- initializeTestScenario -->
  <testcase classname="Testscripts.TestScenario1" name="initializeTestScenario" time="0.0">
    <skipped/>
  </testcase> <!-- initializeTestScenario -->
  <testcase classname="Testscripts.TestScenario1" name="initializeTestScenario" time="0.0">
    <skipped/>
  </testcase> <!-- initializeTestScenario -->
  <testcase classname="Testscripts.TestScenario1" name="initializeTestScenario" time="0.0">
    <skipped/>
  </testcase> <!-- initializeTestScenario -->
  <testcase classname="Testscripts.TestScenario1" name="initializeTestScenario" time="0.0">
    <skipped/>
  </testcase> <!-- initializeTestScenario -->
  <testcase classname="Testscripts.testScenario3" name="initializeTestScenario" time="0.0">
    <skipped/>
  </testcase> <!-- initializeTestScenario -->
  <testcase classname="Testscripts.testScenario3" name="initializeTestScenario" time="0.0">
    <skipped/>
  </testcase> <!-- initializeTestScenario -->
  <testcase classname="Testscripts.testScenario3" name="initializeTestScenario" time="0.0">
    <skipped/>
  </testcase> <!-- initializeTestScenario -->
  <testcase classname="Testscripts.testScenario3" name="initializeTestScenario" time="0.0">
    <skipped/>
  </testcase> <!-- initializeTestScenario -->
</testsuite> <!-- LambdaTest -->
